<?xml version="1.0" encoding="UTF-8"?>
<testng-results ignored="0" total="2" passed="2" failed="0" skipped="0">
  <reporter-output>
  </reporter-output>
  <suite started-at="2023-10-06T17:52:15 PKT" name="Default suite" finished-at="2023-10-06T17:52:17 PKT" duration-ms="2295">
    <groups>
    </groups>
    <test started-at="2023-10-06T17:52:15 PKT" name="Default test" finished-at="2023-10-06T17:52:17 PKT" duration-ms="2295">
      <class name="tests.TC001">
        <test-method signature="Approach1()[pri:0, instance:tests.TC001@333291e3]" started-at="2023-10-06T17:52:15 PKT" name="Approach1" finished-at="2023-10-06T17:52:17 PKT" duration-ms="1577" status="PASS">
          <reporter-output>
          </reporter-output>
        </test-method> <!-- Approach1 -->
        <test-method signature="Approach2()[pri:0, instance:tests.TC001@333291e3]" started-at="2023-10-06T17:52:17 PKT" name="Approach2" finished-at="2023-10-06T17:52:17 PKT" duration-ms="669" status="PASS">
          <reporter-output>
          </reporter-output>
        </test-method> <!-- Approach2 -->
      </class> <!-- tests.TC001 -->
    </test> <!-- Default test -->
  </suite> <!-- Default suite -->
</testng-results>
